2022-06-28 17:57:16,983  root       get_pty    DEBUG    Pty name: /dev/pts/4
2022-06-28 17:57:16,984  root       run        INFO     

ELM327 OBD-II adapter emulator v3.0.0 started on pseudo-tty port "/dev/pts/4".

2022-06-28 17:57:49,898  root       run        DEBUG    Received 'ATZ'
2022-06-28 17:57:49,899  root       handle_request DEBUG    Handling: 'ATZ', header '7E0', ECU '7E0'
2022-06-28 17:57:49,899  root       handle_request DEBUG    Instantiating ECU task "Default ECU Task module" for ECU "7E0"
2022-06-28 17:57:49,907  root       handle_request DEBUG    Description: AT RESET, PID AT_RESET (ATZ)
2022-06-28 17:57:49,907  root       reset      DEBUG    Resetting counters and sleeping for 0.5 seconds
2022-06-28 17:57:50,408  root       <module>   DEBUG    Reset and sleep 0.5 seconds
2022-06-28 17:57:50,408  root       handle_response DEBUG    Processing: '<writeln></writeln><writeln></writeln><writeln>ELM327 v1.5</writeln>'
2022-06-28 17:57:50,409  root       handle_response DEBUG    Write: '\r\rELM327 v1.5\r\r>'
2022-06-28 17:57:50,900  root       run        DEBUG    Received 'ATE0'
2022-06-28 17:57:50,901  root       handle_request DEBUG    Handling: 'ATE0', header '7E0', ECU '7E0'
2022-06-28 17:57:50,901  root       handle_request DEBUG    Description: AT ECHO, PID AT_ECHO (ATE0)
2022-06-28 17:57:50,901  root       <module>   DEBUG    set ECHO ON/OFF : False
2022-06-28 17:57:50,901  root       handle_response DEBUG    Processing: '<writeln>OK</writeln>'
2022-06-28 17:57:50,902  root       handle_response DEBUG    Write: 'OK\r\r>'
2022-06-28 17:57:50,902  root       run        DEBUG    Received 'ATH1'
2022-06-28 17:57:50,902  root       handle_request DEBUG    Handling: 'ATH1', header '7E0', ECU '7E0'
2022-06-28 17:57:50,903  root       handle_request DEBUG    Description: AT HEADERS, PID AT_USE_HEADERS (ATH1)
2022-06-28 17:57:50,903  root       <module>   DEBUG    set HEADERS ON/OFF : True
2022-06-28 17:57:50,903  root       handle_response DEBUG    Processing: '<writeln>OK</writeln>'
2022-06-28 17:57:50,903  root       handle_response DEBUG    Write: 'OK\r\r>'
2022-06-28 17:57:50,903  root       run        DEBUG    Received 'ATL0'
2022-06-28 17:57:50,904  root       handle_request DEBUG    Handling: 'ATL0', header '7E0', ECU '7E0'
2022-06-28 17:57:50,904  root       handle_request DEBUG    Description: AT LINEFEEDS, PID AT_LINEFEEDS (ATL0)
2022-06-28 17:57:50,904  root       <module>   DEBUG    set LINEFEEDS ON/OFF : False
2022-06-28 17:57:50,904  root       handle_response DEBUG    Processing: '<writeln>OK</writeln>'
2022-06-28 17:57:50,904  root       handle_response DEBUG    Write: 'OK\r\r>'
2022-06-28 17:57:50,905  root       run        DEBUG    Received 'AT RV'
2022-06-28 17:57:50,905  root       handle_request DEBUG    Handling: 'ATRV', header '7E0', ECU '7E0'
2022-06-28 17:57:50,905  root       handle_request DEBUG    Description: AT read volt, PID AT_R_VOLT (ATRV)
2022-06-28 17:57:50,905  root       <module>   DEBUG    Volt = 13.1
2022-06-28 17:57:50,905  root       handle_response DEBUG    Processing: '<string>13.1</string><writeln>V</writeln>'
2022-06-28 17:57:50,906  root       handle_response DEBUG    Write: '13.1V\r\r>'
2022-06-28 17:57:50,906  root       run        DEBUG    Received 'ATSP0'
2022-06-28 17:57:50,906  root       handle_request DEBUG    Handling: 'ATSP0', header '7E0', ECU '7E0'
2022-06-28 17:57:50,906  root       handle_request DEBUG    Description: AT PROTO, PID AT_PROTO (ATSP0)
2022-06-28 17:57:50,907  root       <module>   DEBUG    set PROTO 0
2022-06-28 17:57:50,907  root       handle_response DEBUG    Processing: '<writeln>OK</writeln>'
2022-06-28 17:57:50,907  root       handle_response DEBUG    Write: 'OK\r\r>'
2022-06-28 17:57:50,907  root       run        DEBUG    Received '0100'
2022-06-28 17:57:50,907  root       handle_request DEBUG    Handling: '0100', header '7E0', ECU '7E0'
2022-06-28 17:57:50,908  root       handle_request DEBUG    Description: PIDS_A, PID ELM_PIDS_A (0100)
2022-06-28 17:57:50,908  root       handle_response DEBUG    Processing: '<string>SEARCHING...</string><exec>time.sleep(3)</exec><writeln></writeln><header>7EA</header><size>06</size><data>41 00 98 3A 80 13</data><pos_answer>BE 3F A8 13</pos_answer>'
2022-06-28 17:57:50,908  root       handle_response DEBUG    Write: 'SEARCHING...'
2022-06-28 17:57:53,912  root       handle_response DEBUG    Evaluated command: time.sleep(3) -> None
2022-06-28 17:57:53,912  root       handle_response DEBUG    Write: '\r7EA 06 41 00 98 3A 80 13 \r7E8 06 41 00 BE 3F A8 13 \r\r>'
2022-06-28 17:57:53,913  root       run        DEBUG    Received 'ATDPN'
2022-06-28 17:57:53,913  root       handle_request DEBUG    Handling: 'ATDPN', header '7E0', ECU '7E0'
2022-06-28 17:57:53,914  root       handle_request DEBUG    Description: AT Display Protocol Number, PID AT_DESCRIBE_PROTO_N (ATDPN)
2022-06-28 17:57:54,415  root       handle_response DEBUG    Processing: '<writeln>A6</writeln>'
2022-06-28 17:57:54,415  root       handle_response DEBUG    Write: 'A6\r\r>'
2022-06-28 17:57:54,416  root       run        DEBUG    Received '0100'
2022-06-28 17:57:54,417  root       handle_request DEBUG    Handling: '0100', header '7E0', ECU '7E0'
2022-06-28 17:57:54,417  root       handle_request DEBUG    Description: PIDS_A, PID ELM_PIDS_A (0100)
2022-06-28 17:57:54,417  root       handle_response DEBUG    Processing: '<header>7EA</header><size>06</size><data>41 00 98 3A 80 13</data><pos_answer>BE 3F A8 13</pos_answer>'
2022-06-28 17:57:54,417  root       handle_response DEBUG    Write: '7EA 06 41 00 98 3A 80 13 \r7E8 06 41 00 BE 3F A8 13 \r\r>'
2022-06-28 17:57:54,418  root       run        DEBUG    Received '0120'
2022-06-28 17:57:54,418  root       handle_request DEBUG    Handling: '0120', header '7E0', ECU '7E0'
2022-06-28 17:57:54,418  root       handle_request DEBUG    Description: PIDS_B, PID ELM_PIDS_B (0120)
2022-06-28 17:57:54,418  root       handle_response DEBUG    Processing: '<header>7EA</header><size>06</size><data>41 20 80 01 A0 01</data><pos_answer>90 15 B0 15</pos_answer>'
2022-06-28 17:57:54,419  root       handle_response DEBUG    Write: '7EA 06 41 20 80 01 A0 01 \r7E8 06 41 20 90 15 B0 15 \r\r>'
2022-06-28 17:57:54,419  root       run        DEBUG    Received '0140'
2022-06-28 17:57:54,419  root       handle_request DEBUG    Handling: '0140', header '7E0', ECU '7E0'
2022-06-28 17:57:54,420  root       handle_request DEBUG    Description: PIDS_C, PID ELM_PIDS_C (0140)
2022-06-28 17:57:54,420  root       handle_response DEBUG    Processing: '<header>7EA</header><size>06</size><data>41 40 44 CC 00 21</data><pos_answer>7A 1C 80 00</pos_answer>'
2022-06-28 17:57:54,420  root       handle_response DEBUG    Write: '7EA 06 41 40 44 CC 00 21 \r7E8 06 41 40 7A 1C 80 00 \r\r>'
2022-06-28 17:57:54,421  root       run        DEBUG    Received '0600'
2022-06-28 17:57:54,421  root       handle_request DEBUG    Handling: '0600', header '7E0', ECU '7E0'
2022-06-28 17:57:54,421  root       handle_request DEBUG    Description: MIDS_A, PID ELM_MIDS_A (0600)
2022-06-28 17:57:54,421  root       handle_response DEBUG    Processing: '<pos_answer>C0 00 00 01</pos_answer>'
2022-06-28 17:57:54,421  root       handle_response DEBUG    Write: '7E8 05 46 C0 00 00 01 \r\r>'
2022-06-28 17:57:54,945  root       run        DEBUG    Received '01002'
2022-06-28 17:57:54,945  root       handle_request DEBUG    Handling: '01002', header '7E0', ECU '7E0'
2022-06-28 17:57:54,946  root       handle_request DEBUG    Description: PIDS_A, PID ELM_PIDS_A (01002)
2022-06-28 17:57:54,946  root       handle_response DEBUG    Processing: '<header>7EA</header><size>06</size><data>41 00 98 3A 80 13</data><pos_answer>BE 3F A8 13</pos_answer>'
2022-06-28 17:57:54,946  root       handle_response DEBUG    Write: '7EA 06 41 00 98 3A 80 13 \r7E8 06 41 00 BE 3F A8 13 \r\r>'
2022-06-28 17:57:54,947  root       run        DEBUG    Received '0104'
2022-06-28 17:57:54,947  root       handle_request DEBUG    Handling: '0104', header '7E0', ECU '7E0'
2022-06-28 17:57:54,947  root       handle_request DEBUG    Description: Calculated Engine Load, PID ENGINE_LOAD (0104)
2022-06-28 17:57:54,947  root       handle_response DEBUG    Processing: '<pos_answer>00</pos_answer>'
2022-06-28 17:57:54,948  root       handle_response DEBUG    Write: '7E8 03 41 04 00 \r\r>'
2022-06-28 17:57:54,948  root       run        DEBUG    Received '010B'
2022-06-28 17:57:54,948  root       handle_request DEBUG    Handling: '010B', header '7E0', ECU '7E0'
2022-06-28 17:57:54,948  root       handle_request DEBUG    Description: Intake Manifold Pressure, PID INTAKE_PRESSURE (010B)
2022-06-28 17:57:54,948  root       handle_response DEBUG    Processing: '<pos_answer>73</pos_answer>'
2022-06-28 17:57:54,949  root       handle_response DEBUG    Write: '7E8 03 41 0B 73 \r\r>'
2022-06-28 17:57:54,949  root       run        DEBUG    Received '010C'
2022-06-28 17:57:54,949  root       handle_request DEBUG    Handling: '010C', header '7E0', ECU '7E0'
2022-06-28 17:57:54,949  root       handle_request DEBUG    Description: Engine RPM, PID RPM (010C)
2022-06-28 17:57:54,949  root       handle_response DEBUG    Processing: '<pos_answer>09 B0</pos_answer> <header>7EA</header><size>04</size><data>41 0C 09 B0</data>'
2022-06-28 17:57:54,950  root       handle_response DEBUG    Write: '7E8 04 41 0C 09 B0 \r7EA 04 41 0C 09 B0 \r\r>'
2022-06-28 17:57:54,950  root       run        DEBUG    Received '0110'
2022-06-28 17:57:54,950  root       handle_request DEBUG    Handling: '0110', header '7E0', ECU '7E0'
2022-06-28 17:57:54,951  root       handle_request DEBUG    Description: Air Flow Rate (MAF), PID MAF (0110)
2022-06-28 17:57:54,951  root       handle_response DEBUG    Processing: '<pos_answer>05 1F</pos_answer>'
2022-06-28 17:57:54,952  root       handle_response DEBUG    Write: '7E8 04 41 10 05 1F \r\r>'
2022-06-28 17:57:54,952  root       run        DEBUG    Received '0115'
2022-06-28 17:57:54,953  root       handle_request DEBUG    Handling: '0115', header '7E0', ECU '7E0'
2022-06-28 17:57:54,956  root       handle_request INFO     Unknown request: '0115', header=7E0
2022-06-28 17:57:54,957  root       handle_response DEBUG    Processing: '<writeln>NO DATA</writeln>'
2022-06-28 17:57:54,957  root       handle_response DEBUG    Write: 'NO DATA\r\r>'
2022-06-28 17:57:54,958  root       run        DEBUG    Received '011C'
2022-06-28 17:57:54,958  root       handle_request DEBUG    Handling: '011C', header '7E0', ECU '7E0'
2022-06-28 17:57:54,958  root       handle_request DEBUG    Description: OBD Standards Compliance, PID OBD_COMPLIANCE (011C)
2022-06-28 17:57:54,958  root       handle_response DEBUG    Processing: '<pos_answer>06</pos_answer>'
2022-06-28 17:57:54,959  root       handle_response DEBUG    Write: '7E8 03 41 1C 06 \r\r>'
2022-06-28 17:57:54,962  root       run        DEBUG    Received '01202'
2022-06-28 17:57:54,962  root       handle_request DEBUG    Handling: '01202', header '7E0', ECU '7E0'
2022-06-28 17:57:54,962  root       handle_request DEBUG    Description: PIDS_B, PID ELM_PIDS_B (01202)
2022-06-28 17:57:54,962  root       handle_response DEBUG    Processing: '<header>7EA</header><size>06</size><data>41 20 80 01 A0 01</data><pos_answer>90 15 B0 15</pos_answer>'
2022-06-28 17:57:54,963  root       handle_response DEBUG    Write: '7EA 06 41 20 80 01 A0 01 \r7E8 06 41 20 90 15 B0 15 \r\r>'
2022-06-28 17:57:54,963  root       run        DEBUG    Received '0124'
2022-06-28 17:57:54,964  root       handle_request DEBUG    Handling: '0124', header '7E0', ECU '7E0'
2022-06-28 17:57:54,964  root       handle_request INFO     Unknown request: '0124', header=7E0
2022-06-28 17:57:54,965  root       handle_response DEBUG    Processing: '<writeln>NO DATA</writeln>'
2022-06-28 17:57:54,965  root       handle_response DEBUG    Write: 'NO DATA\r\r>'
2022-06-28 17:57:54,965  root       run        DEBUG    Received '012C'
2022-06-28 17:57:54,966  root       handle_request DEBUG    Handling: '012C', header '7E0', ECU '7E0'
2022-06-28 17:57:54,966  root       handle_request DEBUG    Description: Commanded EGR, PID COMMANDED_EGR (012C)
2022-06-28 17:57:54,966  root       handle_response DEBUG    Processing: '<pos_answer>0D</pos_answer>'
2022-06-28 17:57:54,967  root       handle_response DEBUG    Write: '7E8 03 41 2C 0D \r\r>'
2022-06-28 17:57:54,974  root       run        DEBUG    Received '0134'
2022-06-28 17:57:54,974  root       handle_request DEBUG    Handling: '0134', header '7E0', ECU '7E0'
2022-06-28 17:57:54,975  root       handle_request INFO     Unknown request: '0134', header=7E0
2022-06-28 17:57:54,976  root       handle_response DEBUG    Processing: '<writeln>NO DATA</writeln>'
2022-06-28 17:57:54,976  root       handle_response DEBUG    Write: 'NO DATA\r\r>'
2022-06-28 17:57:54,979  root       run        DEBUG    Received '013C'
2022-06-28 17:57:54,979  root       handle_request DEBUG    Handling: '013C', header '7E0', ECU '7E0'
2022-06-28 17:57:54,980  root       handle_request DEBUG    Description: Catalyst Temperature: Bank 1 - Sensor 1, PID CATALYST_TEMP_B1S1 (013C)
2022-06-28 17:57:54,980  root       handle_response DEBUG    Processing: '<pos_answer>04 44</pos_answer>'
2022-06-28 17:57:54,980  root       handle_response DEBUG    Write: '7E8 04 41 3C 04 44 \r\r>'
2022-06-28 17:57:54,981  root       run        DEBUG    Received '01402'
2022-06-28 17:57:54,981  root       handle_request DEBUG    Handling: '01402', header '7E0', ECU '7E0'
2022-06-28 17:57:54,981  root       handle_request DEBUG    Description: PIDS_C, PID ELM_PIDS_C (01402)
2022-06-28 17:57:54,981  root       handle_response DEBUG    Processing: '<header>7EA</header><size>06</size><data>41 40 44 CC 00 21</data><pos_answer>7A 1C 80 00</pos_answer>'
2022-06-28 17:57:54,982  root       handle_response DEBUG    Write: '7EA 06 41 40 44 CC 00 21 \r7E8 06 41 40 7A 1C 80 00 \r\r>'
2022-06-28 17:57:54,982  root       run        DEBUG    Received '0144'
2022-06-28 17:57:54,982  root       handle_request DEBUG    Handling: '0144', header '7E0', ECU '7E0'
2022-06-28 17:57:54,983  root       handle_request INFO     Unknown request: '0144', header=7E0
2022-06-28 17:57:54,983  root       handle_response DEBUG    Processing: '<writeln>NO DATA</writeln>'
2022-06-28 17:57:54,984  root       handle_response DEBUG    Write: 'NO DATA\r\r>'
2022-06-28 17:57:54,984  root       run        DEBUG    Received '014C'
2022-06-28 17:57:54,984  root       handle_request DEBUG    Handling: '014C', header '7E0', ECU '7E0'
2022-06-28 17:57:54,984  root       handle_request DEBUG    Description: Commanded throttle actuator, PID THROTTLE_ACTUATOR (014C)
2022-06-28 17:57:54,985  root       handle_response DEBUG    Processing: '<pos_answer>00</pos_answer>'
2022-06-28 17:57:54,985  root       handle_response DEBUG    Write: '7E8 03 41 4C 00 \r\r>'
2022-06-28 17:57:54,985  root       run        DEBUG    Received '0151'
2022-06-28 17:57:54,985  root       handle_request DEBUG    Handling: '0151', header '7E0', ECU '7E0'
2022-06-28 17:57:54,986  root       handle_request DEBUG    Description: Fuel Type, PID FUEL_TYPE (0151)
2022-06-28 17:57:54,986  root       handle_response DEBUG    Processing: '<pos_answer>01</pos_answer>'
2022-06-28 17:57:54,986  root       handle_response DEBUG    Write: '7E8 03 41 51 01 \r\r>'
2022-06-28 17:57:57,030  root       run        DEBUG    Received '0142'
2022-06-28 17:57:57,030  root       handle_request DEBUG    Handling: '0142', header '7E0', ECU '7E0'
2022-06-28 17:57:57,030  root       handle_request DEBUG    Description: Control module voltage, PID CONTROL_MODULE_VOLTAGE (0142)
2022-06-28 17:57:57,031  root       handle_response DEBUG    Processing: '<pos_answer>39 D6</pos_answer>'
2022-06-28 17:57:57,031  root       handle_response DEBUG    Write: '7E8 04 41 42 39 D6 \r\r>'
2022-06-28 17:57:57,031  root       run        DEBUG    Received '0105'
2022-06-28 17:57:57,031  root       handle_request DEBUG    Handling: '0105', header '7E0', ECU '7E0'
2022-06-28 17:57:57,032  root       handle_request DEBUG    Description: Engine Coolant Temperature, PID COOLANT_TEMP (0105)
2022-06-28 17:57:57,032  root       handle_response DEBUG    Processing: '<pos_answer>7B</pos_answer>'
2022-06-28 17:57:57,032  root       handle_response DEBUG    Write: '7E8 03 41 05 7B \r\r>'
2022-06-28 17:57:57,032  root       run        DEBUG    Received '012E'
2022-06-28 17:57:57,033  root       handle_request DEBUG    Handling: '012E', header '7E0', ECU '7E0'
2022-06-28 17:57:57,033  root       handle_request INFO     Unknown request: '012E', header=7E0
2022-06-28 17:57:57,034  root       handle_response DEBUG    Processing: '<writeln>NO DATA</writeln>'
2022-06-28 17:57:57,034  root       handle_response DEBUG    Write: 'NO DATA\r\r>'
2022-06-28 17:57:57,034  root       run        DEBUG    Received '010D'
2022-06-28 17:57:57,034  root       handle_request DEBUG    Handling: '010D', header '7E0', ECU '7E0'
2022-06-28 17:57:57,035  root       handle_request DEBUG    Description: Vehicle Speed, PID SPEED (010D)
2022-06-28 17:57:57,035  root       handle_response DEBUG    Processing: '<pos_answer>04</pos_answer> <header>7EA</header><size>03</size><data>41 0D 04</data>'
2022-06-28 17:57:57,035  root       handle_response DEBUG    Write: '7E8 03 41 0D 04 \r7EA 03 41 0D 04 \r\r>'
2022-06-28 17:57:57,037  root       run        DEBUG    Received '0145'
2022-06-28 17:57:57,037  root       handle_request DEBUG    Handling: '0145', header '7E0', ECU '7E0'
2022-06-28 17:57:57,038  root       handle_request INFO     Unknown request: '0145', header=7E0
2022-06-28 17:57:57,038  root       handle_response DEBUG    Processing: '<writeln>NO DATA</writeln>'
2022-06-28 17:57:57,039  root       handle_response DEBUG    Write: 'NO DATA\r\r>'
2022-06-28 17:57:57,041  root       run        DEBUG    Received '0121'
2022-06-28 17:57:57,042  root       handle_request DEBUG    Handling: '0121', header '7E0', ECU '7E0'
2022-06-28 17:57:57,042  root       handle_request DEBUG    Description: Distance Traveled with MIL on, PID DISTANCE_W_MIL (0121)
2022-06-28 17:57:57,042  root       handle_response DEBUG    Processing: '<pos_answer>00 00</pos_answer>'
2022-06-28 17:57:57,042  root       handle_response DEBUG    Write: '7E8 04 41 21 00 00 \r\r>'
2022-06-28 17:57:57,042  root       run        DEBUG    Received '011F'
2022-06-28 17:57:57,043  root       handle_request DEBUG    Handling: '011F', header '7E0', ECU '7E0'
2022-06-28 17:57:57,043  root       handle_request DEBUG    Description: Engine Run Time, PID RUN_TIME (011F)
2022-06-28 17:57:57,043  root       handle_response DEBUG    Processing: '<pos_answer>00 8C</pos_answer>'
2022-06-28 17:57:57,043  root       handle_response DEBUG    Write: '7E8 04 41 1F 00 8C \r\r>'
2022-06-28 17:57:57,068  root       run        DEBUG    Received '013E'
2022-06-28 17:57:57,068  root       handle_request DEBUG    Handling: '013E', header '7E0', ECU '7E0'
2022-06-28 17:57:57,069  root       handle_request INFO     Unknown request: '013E', header=7E0
2022-06-28 17:57:57,069  root       handle_response DEBUG    Processing: '<writeln>NO DATA</writeln>'
2022-06-28 17:57:57,069  root       handle_response DEBUG    Write: 'NO DATA\r\r>'
2022-06-28 17:57:57,119  root       run        DEBUG    Received '0101'
2022-06-28 17:57:57,119  root       handle_request DEBUG    Handling: '0101', header '7E0', ECU '7E0'
2022-06-28 17:57:57,120  root       handle_request INFO     Unknown request: '0101', header=7E0
2022-06-28 17:57:57,121  root       handle_response DEBUG    Processing: '<writeln>NO DATA</writeln>'
2022-06-28 17:57:57,121  root       handle_response DEBUG    Write: 'NO DATA\r\r>'
2022-06-28 17:57:57,508  root       run        DEBUG    Received '0143'
2022-06-28 17:57:57,509  root       handle_request DEBUG    Handling: '0143', header '7E0', ECU '7E0'
2022-06-28 17:57:57,509  root       handle_request INFO     Unknown request: '0143', header=7E0
2022-06-28 17:57:57,509  root       handle_response DEBUG    Processing: '<writeln>NO DATA</writeln>'
2022-06-28 17:57:57,509  root       handle_response DEBUG    Write: 'NO DATA\r\r>'
2022-06-28 17:57:57,541  root       run        DEBUG    Received '0147'
2022-06-28 17:57:57,541  root       handle_request DEBUG    Handling: '0147', header '7E0', ECU '7E0'
2022-06-28 17:57:57,542  root       handle_request INFO     Unknown request: '0147', header=7E0
2022-06-28 17:57:57,542  root       handle_response DEBUG    Processing: '<writeln>NO DATA</writeln>'
2022-06-28 17:57:57,542  root       handle_response DEBUG    Write: 'NO DATA\r\r>'
2022-06-28 17:57:57,577  root       run        DEBUG    Received '014D'
2022-06-28 17:57:57,577  root       handle_request DEBUG    Handling: '014D', header '7E0', ECU '7E0'
2022-06-28 17:57:57,577  root       handle_request DEBUG    Description: Time run with MIL on, PID RUN_TIME_MIL (014D)
2022-06-28 17:57:57,577  root       handle_response DEBUG    Processing: '<pos_answer>00 00</pos_answer>'
2022-06-28 17:57:57,577  root       handle_response DEBUG    Write: '7E8 04 41 4D 00 00 \r\r>'
2022-06-28 17:57:57,585  root       run        DEBUG    Received '0103'
2022-06-28 17:57:57,586  root       handle_request DEBUG    Handling: '0103', header '7E0', ECU '7E0'
2022-06-28 17:57:57,586  root       handle_request DEBUG    Description: Fuel System Status, PID FUEL_STATUS (0103)
2022-06-28 17:57:57,586  root       handle_response DEBUG    Processing: '<pos_answer>00 00</pos_answer>'
2022-06-28 17:57:57,586  root       handle_response DEBUG    Write: '7E8 04 41 03 00 00 \r\r>'
2022-06-28 17:57:58,140  root       run        DEBUG    Received '014E'
2022-06-28 17:57:58,140  root       handle_request DEBUG    Handling: '014E', header '7E0', ECU '7E0'
2022-06-28 17:57:58,141  root       handle_request DEBUG    Description: Time since trouble codes cleared, PID TIME_SINCE_DTC_CLEARED (014E)
2022-06-28 17:57:58,141  root       handle_response DEBUG    Processing: '<pos_answer>4C 69</pos_answer>'
2022-06-28 17:57:58,141  root       handle_response DEBUG    Write: '7E8 04 41 4E 4C 69 \r\r>'
2022-06-28 17:57:59,015  root       run        DEBUG    Received '01002'
2022-06-28 17:57:59,016  root       handle_request DEBUG    Handling: '01002', header '7E0', ECU '7E0'
2022-06-28 17:57:59,016  root       handle_request DEBUG    Description: PIDS_A, PID ELM_PIDS_A (01002)
2022-06-28 17:57:59,017  root       handle_response DEBUG    Processing: '<header>7EA</header><size>06</size><data>41 00 98 3A 80 13</data><pos_answer>BE 3F A8 13</pos_answer>'
2022-06-28 17:57:59,017  root       handle_response DEBUG    Write: '7EA 06 41 00 98 3A 80 13 \r7E8 06 41 00 BE 3F A8 13 \r\r>'
2022-06-28 17:57:59,017  root       run        DEBUG    Received '0104'
2022-06-28 17:57:59,017  root       handle_request DEBUG    Handling: '0104', header '7E0', ECU '7E0'
2022-06-28 17:57:59,018  root       handle_request DEBUG    Description: Calculated Engine Load, PID ENGINE_LOAD (0104)
2022-06-28 17:57:59,018  root       handle_response DEBUG    Processing: '<pos_answer>00</pos_answer>'
2022-06-28 17:57:59,018  root       handle_response DEBUG    Write: '7E8 03 41 04 00 \r\r>'
2022-06-28 17:57:59,018  root       run        DEBUG    Received '010B'
2022-06-28 17:57:59,019  root       handle_request DEBUG    Handling: '010B', header '7E0', ECU '7E0'
2022-06-28 17:57:59,019  root       handle_request DEBUG    Description: Intake Manifold Pressure, PID INTAKE_PRESSURE (010B)
2022-06-28 17:57:59,019  root       handle_response DEBUG    Processing: '<pos_answer>73</pos_answer>'
2022-06-28 17:57:59,019  root       handle_response DEBUG    Write: '7E8 03 41 0B 73 \r\r>'
2022-06-28 17:57:59,019  root       run        DEBUG    Received '010C'
2022-06-28 17:57:59,020  root       handle_request DEBUG    Handling: '010C', header '7E0', ECU '7E0'
2022-06-28 17:57:59,020  root       handle_request DEBUG    Description: Engine RPM, PID RPM (010C)
2022-06-28 17:57:59,020  root       handle_response DEBUG    Processing: '<pos_answer>0A 00</pos_answer> <header>7EA</header><size>04</size><data>41 0C 0A 00</data>'
2022-06-28 17:57:59,020  root       handle_response DEBUG    Write: '7E8 04 41 0C 0A 00 \r7EA 04 41 0C 0A 00 \r\r>'
2022-06-28 17:57:59,021  root       run        DEBUG    Received '0110'
2022-06-28 17:57:59,021  root       handle_request DEBUG    Handling: '0110', header '7E0', ECU '7E0'
2022-06-28 17:57:59,021  root       handle_request DEBUG    Description: Air Flow Rate (MAF), PID MAF (0110)
2022-06-28 17:57:59,021  root       handle_response DEBUG    Processing: '<pos_answer>05 1F</pos_answer>'
2022-06-28 17:57:59,022  root       handle_response DEBUG    Write: '7E8 04 41 10 05 1F \r\r>'
2022-06-28 17:57:59,022  root       run        DEBUG    Received '0115'
2022-06-28 17:57:59,022  root       handle_request DEBUG    Handling: '0115', header '7E0', ECU '7E0'
2022-06-28 17:57:59,023  root       handle_request INFO     Unknown request: '0115', header=7E0
2022-06-28 17:57:59,023  root       handle_response DEBUG    Processing: '<writeln>NO DATA</writeln>'
2022-06-28 17:57:59,023  root       handle_response DEBUG    Write: 'NO DATA\r\r>'
2022-06-28 17:57:59,024  root       run        DEBUG    Received '011C'
2022-06-28 17:57:59,024  root       handle_request DEBUG    Handling: '011C', header '7E0', ECU '7E0'
2022-06-28 17:57:59,024  root       handle_request DEBUG    Description: OBD Standards Compliance, PID OBD_COMPLIANCE (011C)
2022-06-28 17:57:59,024  root       handle_response DEBUG    Processing: '<pos_answer>06</pos_answer>'
2022-06-28 17:57:59,025  root       handle_response DEBUG    Write: '7E8 03 41 1C 06 \r\r>'
2022-06-28 17:57:59,025  root       run        DEBUG    Received '01202'
2022-06-28 17:57:59,025  root       handle_request DEBUG    Handling: '01202', header '7E0', ECU '7E0'
2022-06-28 17:57:59,025  root       handle_request DEBUG    Description: PIDS_B, PID ELM_PIDS_B (01202)
2022-06-28 17:57:59,025  root       handle_response DEBUG    Processing: '<header>7EA</header><size>06</size><data>41 20 80 01 A0 01</data><pos_answer>90 15 B0 15</pos_answer>'
2022-06-28 17:57:59,026  root       handle_response DEBUG    Write: '7EA 06 41 20 80 01 A0 01 \r7E8 06 41 20 90 15 B0 15 \r\r>'
2022-06-28 17:57:59,027  root       run        DEBUG    Received '0124'
2022-06-28 17:57:59,027  root       handle_request DEBUG    Handling: '0124', header '7E0', ECU '7E0'
2022-06-28 17:57:59,028  root       handle_request INFO     Unknown request: '0124', header=7E0
2022-06-28 17:57:59,028  root       handle_response DEBUG    Processing: '<writeln>NO DATA</writeln>'
2022-06-28 17:57:59,028  root       handle_response DEBUG    Write: 'NO DATA\r\r>'
2022-06-28 17:57:59,029  root       run        DEBUG    Received '012C'
2022-06-28 17:57:59,030  root       handle_request DEBUG    Handling: '012C', header '7E0', ECU '7E0'
2022-06-28 17:57:59,030  root       handle_request DEBUG    Description: Commanded EGR, PID COMMANDED_EGR (012C)
2022-06-28 17:57:59,030  root       handle_response DEBUG    Processing: '<pos_answer>0D</pos_answer>'
2022-06-28 17:57:59,030  root       handle_response DEBUG    Write: '7E8 03 41 2C 0D \r\r>'
2022-06-28 17:57:59,030  root       run        DEBUG    Received '0130'
2022-06-28 17:57:59,030  root       handle_request DEBUG    Handling: '0130', header '7E0', ECU '7E0'
2022-06-28 17:57:59,031  root       handle_request INFO     Unknown request: '0130', header=7E0
2022-06-28 17:57:59,032  root       handle_response DEBUG    Processing: '<writeln>NO DATA</writeln>'
2022-06-28 17:57:59,032  root       handle_response DEBUG    Write: 'NO DATA\r\r>'
2022-06-28 17:57:59,034  root       run        DEBUG    Received '0134'
2022-06-28 17:57:59,034  root       handle_request DEBUG    Handling: '0134', header '7E0', ECU '7E0'
2022-06-28 17:57:59,035  root       handle_request INFO     Unknown request: '0134', header=7E0
2022-06-28 17:57:59,035  root       handle_response DEBUG    Processing: '<writeln>NO DATA</writeln>'
2022-06-28 17:57:59,035  root       handle_response DEBUG    Write: 'NO DATA\r\r>'
2022-06-28 17:57:59,035  root       run        DEBUG    Received '013C'
2022-06-28 17:57:59,036  root       handle_request DEBUG    Handling: '013C', header '7E0', ECU '7E0'
2022-06-28 17:57:59,036  root       handle_request DEBUG    Description: Catalyst Temperature: Bank 1 - Sensor 1, PID CATALYST_TEMP_B1S1 (013C)
2022-06-28 17:57:59,036  root       handle_response DEBUG    Processing: '<pos_answer>04 44</pos_answer>'
2022-06-28 17:57:59,036  root       handle_response DEBUG    Write: '7E8 04 41 3C 04 44 \r\r>'
2022-06-28 17:57:59,036  root       run        DEBUG    Received '01402'
2022-06-28 17:57:59,037  root       handle_request DEBUG    Handling: '01402', header '7E0', ECU '7E0'
2022-06-28 17:57:59,037  root       handle_request DEBUG    Description: PIDS_C, PID ELM_PIDS_C (01402)
2022-06-28 17:57:59,037  root       handle_response DEBUG    Processing: '<header>7EA</header><size>06</size><data>41 40 44 CC 00 21</data><pos_answer>7A 1C 80 00</pos_answer>'
2022-06-28 17:57:59,037  root       handle_response DEBUG    Write: '7EA 06 41 40 44 CC 00 21 \r7E8 06 41 40 7A 1C 80 00 \r\r>'
2022-06-28 17:57:59,040  root       run        DEBUG    Received '0144'
2022-06-28 17:57:59,041  root       handle_request DEBUG    Handling: '0144', header '7E0', ECU '7E0'
2022-06-28 17:57:59,042  root       handle_request INFO     Unknown request: '0144', header=7E0
2022-06-28 17:57:59,042  root       handle_response DEBUG    Processing: '<writeln>NO DATA</writeln>'
2022-06-28 17:57:59,042  root       handle_response DEBUG    Write: 'NO DATA\r\r>'
2022-06-28 17:57:59,046  root       run        DEBUG    Received '0151'
2022-06-28 17:57:59,046  root       handle_request DEBUG    Handling: '0151', header '7E0', ECU '7E0'
2022-06-28 17:57:59,047  root       handle_request DEBUG    Description: Fuel Type, PID FUEL_TYPE (0151)
2022-06-28 17:57:59,047  root       handle_response DEBUG    Processing: '<pos_answer>01</pos_answer>'
2022-06-28 17:57:59,047  root       handle_response DEBUG    Write: '7E8 03 41 51 01 \r\r>'
2022-06-28 17:57:59,549  root       run        DEBUG    Received '0105'
2022-06-28 17:57:59,550  root       handle_request DEBUG    Handling: '0105', header '7E0', ECU '7E0'
2022-06-28 17:57:59,550  root       handle_request DEBUG    Description: Engine Coolant Temperature, PID COOLANT_TEMP (0105)
2022-06-28 17:57:59,551  root       handle_response DEBUG    Processing: '<pos_answer>7B</pos_answer>'
2022-06-28 17:57:59,551  root       handle_response DEBUG    Write: '7E8 03 41 05 7B \r\r>'
2022-06-28 17:57:59,559  root       run        DEBUG    Received '0111'
2022-06-28 17:57:59,559  root       handle_request DEBUG    Handling: '0111', header '7E0', ECU '7E0'
2022-06-28 17:57:59,559  root       handle_request DEBUG    Description: Throttle Position, PID THROTTLE_POS (0111)
2022-06-28 17:57:59,559  root       handle_response DEBUG    Processing: '<pos_answer>FF</pos_answer>'
2022-06-28 17:57:59,560  root       handle_response DEBUG    Write: '7E8 03 41 11 FF \r\r>'
2022-06-28 17:57:59,564  root       run        DEBUG    Received '011F'
2022-06-28 17:57:59,564  root       handle_request DEBUG    Handling: '011F', header '7E0', ECU '7E0'
2022-06-28 17:57:59,564  root       handle_request DEBUG    Description: Engine Run Time, PID RUN_TIME (011F)
2022-06-28 17:57:59,564  root       handle_response DEBUG    Processing: '<pos_answer>00 8C</pos_answer>'
2022-06-28 17:57:59,564  root       handle_response DEBUG    Write: '7E8 04 41 1F 00 8C \r\r>'
2022-06-28 17:57:59,565  root       run        DEBUG    Received '0121'
2022-06-28 17:57:59,565  root       handle_request DEBUG    Handling: '0121', header '7E0', ECU '7E0'
2022-06-28 17:57:59,565  root       handle_request DEBUG    Description: Distance Traveled with MIL on, PID DISTANCE_W_MIL (0121)
2022-06-28 17:57:59,565  root       handle_response DEBUG    Processing: '<pos_answer>00 00</pos_answer>'
2022-06-28 17:57:59,565  root       handle_response DEBUG    Write: '7E8 04 41 21 00 00 \r\r>'
2022-06-28 17:57:59,579  root       run        DEBUG    Received '0131'
2022-06-28 17:57:59,579  root       handle_request DEBUG    Handling: '0131', header '7E0', ECU '7E0'
2022-06-28 17:57:59,580  root       handle_request DEBUG    Description: Distance traveled since codes cleared, PID DISTANCE_SINCE_DTC_CLEAR (0131)
2022-06-28 17:57:59,580  root       handle_response DEBUG    Processing: '<pos_answer>C8 1F</pos_answer>'
2022-06-28 17:57:59,580  root       handle_response DEBUG    Write: '7E8 04 41 31 C8 1F \r\r>'
2022-06-28 17:57:59,597  root       run        DEBUG    Received '010D'
2022-06-28 17:57:59,597  root       handle_request DEBUG    Handling: '010D', header '7E0', ECU '7E0'
2022-06-28 17:57:59,597  root       handle_request DEBUG    Description: Vehicle Speed, PID SPEED (010D)
2022-06-28 17:57:59,597  root       handle_response DEBUG    Processing: '<pos_answer>08</pos_answer> <header>7EA</header><size>03</size><data>41 0D 08</data>'
2022-06-28 17:57:59,597  root       handle_response DEBUG    Write: '7E8 03 41 0D 08 \r7EA 03 41 0D 08 \r\r>'
2022-06-28 17:57:59,618  root       run        DEBUG    Received '0101'
2022-06-28 17:57:59,618  root       handle_request DEBUG    Handling: '0101', header '7E0', ECU '7E0'
2022-06-28 17:57:59,618  root       handle_request INFO     Unknown request: '0101', header=7E0
2022-06-28 17:57:59,618  root       handle_response DEBUG    Processing: '<writeln>NO DATA</writeln>'
2022-06-28 17:57:59,618  root       handle_response DEBUG    Write: 'NO DATA\r\r>'
2022-06-28 17:57:59,682  root       run        DEBUG    Received '012E'
2022-06-28 17:57:59,682  root       handle_request DEBUG    Handling: '012E', header '7E0', ECU '7E0'
2022-06-28 17:57:59,683  root       handle_request INFO     Unknown request: '012E', header=7E0
2022-06-28 17:57:59,683  root       handle_response DEBUG    Processing: '<writeln>NO DATA</writeln>'
2022-06-28 17:57:59,683  root       handle_response DEBUG    Write: 'NO DATA\r\r>'
2022-06-28 18:04:16,793  root       terminate  DEBUG    Start termination procedure.
2022-06-28 18:04:17,894  root       set_defaults DEBUG    Stopping ECU task "Default ECU Task module", ECU="7E0", method=stop()
2022-06-28 18:04:17,894  root       terminate  DEBUG    Terminated.
2022-07-12 09:58:06,886  root       get_pty    DEBUG    Pty name: /dev/pts/3
2022-07-12 09:58:06,887  root       run        INFO     

ELM327 OBD-II adapter emulator v3.0.0 started on pseudo-tty port "/dev/pts/3".

2022-07-12 09:59:52,572  root       run        DEBUG    Received 'ATZ'
2022-07-12 09:59:52,572  root       handle_request DEBUG    Handling: 'ATZ', header '7E0', ECU '7E0'
2022-07-12 09:59:52,573  root       handle_request DEBUG    Instantiating ECU task "Default ECU Task module" for ECU "7E0"
2022-07-12 09:59:52,586  root       handle_request DEBUG    Description: AT RESET, PID AT_RESET (ATZ)
2022-07-12 09:59:52,587  root       reset      DEBUG    Resetting counters and sleeping for 0.5 seconds
2022-07-12 09:59:53,089  root       <module>   DEBUG    Reset and sleep 0.5 seconds
2022-07-12 09:59:53,089  root       handle_response DEBUG    Processing: '<writeln></writeln><writeln></writeln><writeln>ELM327 v1.5</writeln>'
2022-07-12 09:59:53,089  root       handle_response DEBUG    Write: '\r\rELM327 v1.5\r\r>'
2022-07-12 09:59:53,574  root       run        DEBUG    Received 'ATE0'
2022-07-12 09:59:53,574  root       handle_request DEBUG    Handling: 'ATE0', header '7E0', ECU '7E0'
2022-07-12 09:59:53,574  root       handle_request DEBUG    Description: AT ECHO, PID AT_ECHO (ATE0)
2022-07-12 09:59:53,575  root       <module>   DEBUG    set ECHO ON/OFF : False
2022-07-12 09:59:53,575  root       handle_response DEBUG    Processing: '<writeln>OK</writeln>'
2022-07-12 09:59:53,575  root       handle_response DEBUG    Write: 'OK\r\r>'
2022-07-12 09:59:53,576  root       run        DEBUG    Received 'ATH1'
2022-07-12 09:59:53,576  root       handle_request DEBUG    Handling: 'ATH1', header '7E0', ECU '7E0'
2022-07-12 09:59:53,577  root       handle_request DEBUG    Description: AT HEADERS, PID AT_USE_HEADERS (ATH1)
2022-07-12 09:59:53,577  root       <module>   DEBUG    set HEADERS ON/OFF : True
2022-07-12 09:59:53,577  root       handle_response DEBUG    Processing: '<writeln>OK</writeln>'
2022-07-12 09:59:53,577  root       handle_response DEBUG    Write: 'OK\r\r>'
2022-07-12 09:59:53,578  root       run        DEBUG    Received 'ATL0'
2022-07-12 09:59:53,578  root       handle_request DEBUG    Handling: 'ATL0', header '7E0', ECU '7E0'
2022-07-12 09:59:53,579  root       handle_request DEBUG    Description: AT LINEFEEDS, PID AT_LINEFEEDS (ATL0)
2022-07-12 09:59:53,579  root       <module>   DEBUG    set LINEFEEDS ON/OFF : False
2022-07-12 09:59:53,579  root       handle_response DEBUG    Processing: '<writeln>OK</writeln>'
2022-07-12 09:59:53,580  root       handle_response DEBUG    Write: 'OK\r\r>'
2022-07-12 09:59:53,580  root       run        DEBUG    Received 'AT RV'
2022-07-12 09:59:53,580  root       handle_request DEBUG    Handling: 'ATRV', header '7E0', ECU '7E0'
2022-07-12 09:59:53,581  root       handle_request DEBUG    Description: AT read volt, PID AT_R_VOLT (ATRV)
2022-07-12 09:59:53,581  root       <module>   DEBUG    Volt = 13.1
2022-07-12 09:59:53,581  root       handle_response DEBUG    Processing: '<string>13.1</string><writeln>V</writeln>'
2022-07-12 09:59:53,582  root       handle_response DEBUG    Write: '13.1V\r\r>'
2022-07-12 09:59:53,582  root       run        DEBUG    Received 'ATSP0'
2022-07-12 09:59:53,582  root       handle_request DEBUG    Handling: 'ATSP0', header '7E0', ECU '7E0'
2022-07-12 09:59:53,583  root       handle_request DEBUG    Description: AT PROTO, PID AT_PROTO (ATSP0)
2022-07-12 09:59:53,583  root       <module>   DEBUG    set PROTO 0
2022-07-12 09:59:53,584  root       handle_response DEBUG    Processing: '<writeln>OK</writeln>'
2022-07-12 09:59:53,584  root       handle_response DEBUG    Write: 'OK\r\r>'
2022-07-12 09:59:53,584  root       run        DEBUG    Received '0100'
2022-07-12 09:59:53,585  root       handle_request DEBUG    Handling: '0100', header '7E0', ECU '7E0'
2022-07-12 09:59:53,585  root       handle_request DEBUG    Description: PIDS_A, PID ELM_PIDS_A (0100)
2022-07-12 09:59:53,585  root       handle_response DEBUG    Processing: '<string>SEARCHING...</string><exec>time.sleep(3)</exec><writeln></writeln><header>7EA</header><size>06</size><data>41 00 98 3A 80 13</data><pos_answer>BE 3F A8 13</pos_answer>'
2022-07-12 09:59:53,585  root       handle_response DEBUG    Write: 'SEARCHING...'
2022-07-12 09:59:56,589  root       handle_response DEBUG    Evaluated command: time.sleep(3) -> None
2022-07-12 09:59:56,590  root       handle_response DEBUG    Write: '\r7EA 06 41 00 98 3A 80 13 \r7E8 06 41 00 BE 3F A8 13 \r\r>'
2022-07-12 09:59:56,591  root       run        DEBUG    Received 'ATDPN'
2022-07-12 09:59:56,591  root       handle_request DEBUG    Handling: 'ATDPN', header '7E0', ECU '7E0'
2022-07-12 09:59:56,592  root       handle_request DEBUG    Description: AT Display Protocol Number, PID AT_DESCRIBE_PROTO_N (ATDPN)
2022-07-12 09:59:57,093  root       handle_response DEBUG    Processing: '<writeln>A6</writeln>'
2022-07-12 09:59:57,094  root       handle_response DEBUG    Write: 'A6\r\r>'
2022-07-12 09:59:57,095  root       run        DEBUG    Received '0100'
2022-07-12 09:59:57,095  root       handle_request DEBUG    Handling: '0100', header '7E0', ECU '7E0'
2022-07-12 09:59:57,095  root       handle_request DEBUG    Description: PIDS_A, PID ELM_PIDS_A (0100)
2022-07-12 09:59:57,095  root       handle_response DEBUG    Processing: '<header>7EA</header><size>06</size><data>41 00 98 3A 80 13</data><pos_answer>BE 3F A8 13</pos_answer>'
2022-07-12 09:59:57,096  root       handle_response DEBUG    Write: '7EA 06 41 00 98 3A 80 13 \r7E8 06 41 00 BE 3F A8 13 \r\r>'
2022-07-12 09:59:57,097  root       run        DEBUG    Received '0120'
2022-07-12 09:59:57,097  root       handle_request DEBUG    Handling: '0120', header '7E0', ECU '7E0'
2022-07-12 09:59:57,097  root       handle_request DEBUG    Description: PIDS_B, PID ELM_PIDS_B (0120)
2022-07-12 09:59:57,098  root       handle_response DEBUG    Processing: '<header>7EA</header><size>06</size><data>41 20 80 01 A0 01</data><pos_answer>90 15 B0 15</pos_answer>'
2022-07-12 09:59:57,098  root       handle_response DEBUG    Write: '7EA 06 41 20 80 01 A0 01 \r7E8 06 41 20 90 15 B0 15 \r\r>'
2022-07-12 09:59:57,099  root       run        DEBUG    Received '0140'
2022-07-12 09:59:57,099  root       handle_request DEBUG    Handling: '0140', header '7E0', ECU '7E0'
2022-07-12 09:59:57,099  root       handle_request DEBUG    Description: PIDS_C, PID ELM_PIDS_C (0140)
2022-07-12 09:59:57,100  root       handle_response DEBUG    Processing: '<header>7EA</header><size>06</size><data>41 40 44 CC 00 21</data><pos_answer>7A 1C 80 00</pos_answer>'
2022-07-12 09:59:57,100  root       handle_response DEBUG    Write: '7EA 06 41 40 44 CC 00 21 \r7E8 06 41 40 7A 1C 80 00 \r\r>'
2022-07-12 09:59:57,101  root       run        DEBUG    Received '0600'
2022-07-12 09:59:57,101  root       handle_request DEBUG    Handling: '0600', header '7E0', ECU '7E0'
2022-07-12 09:59:57,101  root       handle_request DEBUG    Description: MIDS_A, PID ELM_MIDS_A (0600)
2022-07-12 09:59:57,102  root       handle_response DEBUG    Processing: '<pos_answer>C0 00 00 01</pos_answer>'
2022-07-12 09:59:57,102  root       handle_response DEBUG    Write: '7E8 05 46 C0 00 00 01 \r\r>'
2022-07-12 09:59:57,132  root       run        DEBUG    Received '01002'
2022-07-12 09:59:57,133  root       handle_request DEBUG    Handling: '01002', header '7E0', ECU '7E0'
2022-07-12 09:59:57,133  root       handle_request DEBUG    Description: PIDS_A, PID ELM_PIDS_A (01002)
2022-07-12 09:59:57,134  root       handle_response DEBUG    Processing: '<header>7EA</header><size>06</size><data>41 00 98 3A 80 13</data><pos_answer>BE 3F A8 13</pos_answer>'
2022-07-12 09:59:57,134  root       handle_response DEBUG    Write: '7EA 06 41 00 98 3A 80 13 \r7E8 06 41 00 BE 3F A8 13 \r\r>'
2022-07-12 09:59:57,135  root       run        DEBUG    Received '0104'
2022-07-12 09:59:57,135  root       handle_request DEBUG    Handling: '0104', header '7E0', ECU '7E0'
2022-07-12 09:59:57,135  root       handle_request DEBUG    Description: Calculated Engine Load, PID ENGINE_LOAD (0104)
2022-07-12 09:59:57,135  root       handle_response DEBUG    Processing: '<header>7E8</header><size>03</size><data>41 04 41</data>'
2022-07-12 09:59:57,136  root       handle_response DEBUG    Write: '7E8 03 41 04 41 \r\r>'
2022-07-12 09:59:57,136  root       run        DEBUG    Received '010B'
2022-07-12 09:59:57,136  root       handle_request DEBUG    Handling: '010B', header '7E0', ECU '7E0'
2022-07-12 09:59:57,137  root       handle_request DEBUG    Description: Intake Manifold Pressure, PID INTAKE_PRESSURE (010B)
2022-07-12 09:59:57,137  root       handle_response DEBUG    Processing: '<header>7E8</header><size>03</size><data>41 0B 36</data>'
2022-07-12 09:59:57,137  root       handle_response DEBUG    Write: '7E8 03 41 0B 36 \r\r>'
2022-07-12 09:59:57,138  root       run        DEBUG    Received '010C'
2022-07-12 09:59:57,138  root       handle_request DEBUG    Handling: '010C', header '7E0', ECU '7E0'
2022-07-12 09:59:57,139  root       handle_request DEBUG    Description: Engine RPM, PID RPM (010C)
2022-07-12 09:59:57,139  root       handle_response DEBUG    Processing: '<header>7E8</header><size>04</size><data>41 0C 18 9F</data>'
2022-07-12 09:59:57,140  root       handle_response DEBUG    Write: '7E8 04 41 0C 18 9F \r\r>'
2022-07-12 09:59:57,140  root       run        DEBUG    Received '0110'
2022-07-12 09:59:57,141  root       handle_request DEBUG    Handling: '0110', header '7E0', ECU '7E0'
2022-07-12 09:59:57,142  root       handle_request DEBUG    Description: Air Flow Rate (MAF), PID MAF (0110)
2022-07-12 09:59:57,142  root       handle_response DEBUG    Processing: '<header>7E8</header><size>04</size><data>41 10 18 1F</data>'
2022-07-12 09:59:57,143  root       handle_response DEBUG    Write: '7E8 04 41 10 18 1F \r\r>'
2022-07-12 09:59:57,144  root       run        DEBUG    Received '0115'
2022-07-12 09:59:57,145  root       handle_request DEBUG    Handling: '0115', header '7E0', ECU '7E0'
2022-07-12 09:59:57,154  root       handle_request DEBUG    Description: O2: Bank 1 - Sensor 2 Voltage, PID O2_B1S2 (0115)
2022-07-12 09:59:57,154  root       handle_response DEBUG    Processing: '<header>7E8</header><size>04</size><data>41 15 00 FF</data>'
2022-07-12 09:59:57,155  root       handle_response DEBUG    Write: '7E8 04 41 15 00 FF \r\r>'
2022-07-12 09:59:57,155  root       run        DEBUG    Received '011C'
2022-07-12 09:59:57,156  root       handle_request DEBUG    Handling: '011C', header '7E0', ECU '7E0'
2022-07-12 09:59:57,156  root       handle_request DEBUG    Description: OBD Standards Compliance, PID OBD_COMPLIANCE (011C)
2022-07-12 09:59:57,156  root       handle_response DEBUG    Processing: '<header>7E8</header><size>03</size><data>41 1C 06</data>'
2022-07-12 09:59:57,157  root       handle_response DEBUG    Write: '7E8 03 41 1C 06 \r\r>'
2022-07-12 09:59:58,623  root       run        DEBUG    Received '0101'
2022-07-12 09:59:58,623  root       handle_request DEBUG    Handling: '0101', header '7E0', ECU '7E0'
2022-07-12 09:59:58,624  root       handle_request DEBUG    Description: Status since DTCs cleared, PID STATUS (0101)
2022-07-12 09:59:58,624  root       handle_response DEBUG    Processing: '<header>7E8</header><size>06</size><data>41 01 00 07 A1 00</data>'
2022-07-12 09:59:58,624  root       handle_response DEBUG    Write: '7E8 06 41 01 00 07 A1 00 \r\r>'
2022-07-12 09:59:59,031  root       run        DEBUG    Received '0103'
2022-07-12 09:59:59,032  root       handle_request DEBUG    Handling: '0103', header '7E0', ECU '7E0'
2022-07-12 09:59:59,032  root       handle_request DEBUG    Description: Fuel System Status, PID FUEL_STATUS (0103)
2022-07-12 09:59:59,032  root       handle_response DEBUG    Processing: '<header>7E8</header><size>04</size><data>41 03 04 00</data>'
2022-07-12 09:59:59,032  root       handle_response DEBUG    Write: '7E8 04 41 03 04 00 \r\r>'
2022-07-12 10:00:02,725  root       run        DEBUG    Received '010D'
2022-07-12 10:00:02,726  root       handle_request DEBUG    Handling: '010D', header '7E0', ECU '7E0'
2022-07-12 10:00:02,726  root       handle_request DEBUG    Description: Vehicle Speed, PID SPEED (010D)
2022-07-12 10:00:02,726  root       handle_response DEBUG    Processing: '<header>7E8</header><size>03</size><data>41 0D 48</data>'
2022-07-12 10:00:02,726  root       handle_response DEBUG    Write: '7E8 03 41 0D 48 \r\r>'
2022-07-12 10:00:03,121  root       run        DEBUG    Received '010E'
2022-07-12 10:00:03,121  root       handle_request DEBUG    Handling: '010E', header '7E0', ECU '7E0'
2022-07-12 10:00:03,122  root       handle_request DEBUG    Description: Timing Advance, PID TIMING_ADVANCE (010E)
2022-07-12 10:00:03,122  root       handle_response DEBUG    Processing: '<header>7E8</header><size>03</size><data>41 0E 75</data>'
2022-07-12 10:00:03,123  root       handle_response DEBUG    Write: '7E8 03 41 0E 75 \r\r>'
2022-07-12 10:00:03,461  root       run        DEBUG    Received '010F'
2022-07-12 10:00:03,461  root       handle_request DEBUG    Handling: '010F', header '7E0', ECU '7E0'
2022-07-12 10:00:03,461  root       handle_request DEBUG    Description: Intake Air Temp, PID INTAKE_TEMP (010F)
2022-07-12 10:00:03,462  root       handle_response DEBUG    Processing: '<header>7E8</header><size>03</size><data>41 0F 37</data>'
2022-07-12 10:00:03,462  root       handle_response DEBUG    Write: '7E8 03 41 0F 37 \r\r>'
2022-07-12 10:00:03,524  root       run        DEBUG    Received '0111'
2022-07-12 10:00:03,524  root       handle_request DEBUG    Handling: '0111', header '7E0', ECU '7E0'
2022-07-12 10:00:03,525  root       handle_request DEBUG    Description: Throttle Position, PID THROTTLE_POS (0111)
2022-07-12 10:00:03,525  root       handle_response DEBUG    Processing: '<header>7E8</header><size>03</size><data>41 11 72</data>'
2022-07-12 10:00:03,525  root       handle_response DEBUG    Write: '7E8 03 41 11 72 \r\r>'
2022-07-12 10:00:04,578  root       run        DEBUG    Received '0105'
2022-07-12 10:00:04,578  root       handle_request DEBUG    Handling: '0105', header '7E0', ECU '7E0'
2022-07-12 10:00:04,578  root       handle_request DEBUG    Description: Engine Coolant Temperature, PID COOLANT_TEMP (0105)
2022-07-12 10:00:04,578  root       handle_response DEBUG    Processing: '<header>7E8</header><size>03</size><data>41 05 44</data>'
2022-07-12 10:00:04,579  root       handle_response DEBUG    Write: '7E8 03 41 05 44 \r\r>'
2022-07-12 10:00:04,752  root       run        DEBUG    Received '0106'
2022-07-12 10:00:04,752  root       handle_request DEBUG    Handling: '0106', header '7E0', ECU '7E0'
2022-07-12 10:00:04,753  root       handle_request DEBUG    Description: Short Term Fuel Trim - Bank 1, PID SHORT_FUEL_TRIM_1 (0106)
2022-07-12 10:00:04,753  root       handle_response DEBUG    Processing: '<header>7E8</header><size>03</size><data>41 06 8B</data>'
2022-07-12 10:00:04,753  root       handle_response DEBUG    Write: '7E8 03 41 06 8B \r\r>'
2022-07-12 10:00:04,959  root       run        DEBUG    Received '0113'
2022-07-12 10:00:04,959  root       handle_request DEBUG    Handling: '0113', header '7E0', ECU '7E0'
2022-07-12 10:00:04,960  root       handle_request DEBUG    Description: O2 Sensors Present, PID O2_SENSORS (0113)
2022-07-12 10:00:04,960  root       handle_response DEBUG    Processing: '<header>7E8</header><size>03</size><data>41 13 03</data>'
2022-07-12 10:00:04,960  root       handle_response DEBUG    Write: '7E8 03 41 13 03 \r\r>'
2022-07-12 10:00:04,961  root       run        DEBUG    Received '0107'
2022-07-12 10:00:04,961  root       handle_request DEBUG    Handling: '0107', header '7E0', ECU '7E0'
2022-07-12 10:00:04,962  root       handle_request DEBUG    Description: Long Term Fuel Trim - Bank 1, PID LONG_FUEL_TRIM_1 (0107)
2022-07-12 10:00:04,962  root       handle_response DEBUG    Processing: '<header>7E8</header><size>03</size><data>41 07 79</data>'
2022-07-12 10:00:04,962  root       handle_response DEBUG    Write: '7E8 03 41 07 79 \r\r>'
2022-07-12 10:00:05,583  root       run        DEBUG    Received '011F'
2022-07-12 10:00:05,584  root       handle_request DEBUG    Handling: '011F', header '7E0', ECU '7E0'
2022-07-12 10:00:05,584  root       handle_request DEBUG    Description: Engine Run Time, PID RUN_TIME (011F)
2022-07-12 10:00:05,584  root       handle_response DEBUG    Processing: '<header>7E8</header><size>04</size><data>41 1F 00 48</data>'
2022-07-12 10:00:05,584  root       handle_response DEBUG    Write: '7E8 04 41 1F 00 48 \r\r>'
2022-07-12 10:00:05,823  root       run        DEBUG    Received '01002'
2022-07-12 10:00:05,823  root       handle_request DEBUG    Handling: '01002', header '7E0', ECU '7E0'
2022-07-12 10:00:05,824  root       handle_request DEBUG    Description: PIDS_A, PID ELM_PIDS_A (01002)
2022-07-12 10:00:05,824  root       handle_response DEBUG    Processing: '<header>7EA</header><size>06</size><data>41 00 98 3A 80 13</data><pos_answer>BE 3F A8 13</pos_answer>'
2022-07-12 10:00:05,825  root       handle_response DEBUG    Write: '7EA 06 41 00 98 3A 80 13 \r7E8 06 41 00 BE 3F A8 13 \r\r>'
2022-07-12 10:00:05,825  root       run        DEBUG    Received '010B'
2022-07-12 10:00:05,826  root       handle_request DEBUG    Handling: '010B', header '7E0', ECU '7E0'
2022-07-12 10:00:05,826  root       handle_request DEBUG    Description: Intake Manifold Pressure, PID INTAKE_PRESSURE (010B)
2022-07-12 10:00:05,826  root       handle_response DEBUG    Processing: '<header>7E8</header><size>03</size><data>41 0B 36</data>'
2022-07-12 10:00:05,827  root       handle_response DEBUG    Write: '7E8 03 41 0B 36 \r\r>'
2022-07-12 10:00:05,827  root       run        DEBUG    Received '0104'
2022-07-12 10:00:05,827  root       handle_request DEBUG    Handling: '0104', header '7E0', ECU '7E0'
2022-07-12 10:00:05,828  root       handle_request DEBUG    Description: Calculated Engine Load, PID ENGINE_LOAD (0104)
2022-07-12 10:00:05,828  root       handle_response DEBUG    Processing: '<header>7E8</header><size>03</size><data>41 04 00</data><header>7EA</header><size>03</size><data>41 04 00</data>'
2022-07-12 10:00:05,828  root       handle_response DEBUG    Write: '7E8 03 41 04 00 \r7EA 03 41 04 00 \r\r>'
2022-07-12 10:00:05,829  root       run        DEBUG    Received '010C'
2022-07-12 10:00:05,829  root       handle_request DEBUG    Handling: '010C', header '7E0', ECU '7E0'
2022-07-12 10:00:05,830  root       handle_request DEBUG    Description: Engine RPM, PID RPM (010C)
2022-07-12 10:00:05,830  root       handle_response DEBUG    Processing: '<header>7E8</header><size>04</size><data>41 0C 14 5F</data>'
2022-07-12 10:00:05,830  root       handle_response DEBUG    Write: '7E8 04 41 0C 14 5F \r\r>'
2022-07-12 10:00:05,831  root       run        DEBUG    Received '0110'
2022-07-12 10:00:05,832  root       handle_request DEBUG    Handling: '0110', header '7E0', ECU '7E0'
2022-07-12 10:00:05,832  root       handle_request DEBUG    Description: Air Flow Rate (MAF), PID MAF (0110)
2022-07-12 10:00:05,833  root       handle_response DEBUG    Processing: '<header>7E8</header><size>04</size><data>41 10 10 20</data>'
2022-07-12 10:00:05,833  root       handle_response DEBUG    Write: '7E8 04 41 10 10 20 \r\r>'
2022-07-12 10:00:05,834  root       run        DEBUG    Received '0115'
2022-07-12 10:00:05,834  root       handle_request DEBUG    Handling: '0115', header '7E0', ECU '7E0'
2022-07-12 10:00:05,836  root       handle_request DEBUG    Description: O2: Bank 1 - Sensor 2 Voltage, PID O2_B1S2 (0115)
2022-07-12 10:00:05,837  root       handle_response DEBUG    Processing: '<header>7E8</header><size>04</size><data>41 15 2A FF</data>'
2022-07-12 10:00:05,838  root       handle_response DEBUG    Write: '7E8 04 41 15 2A FF \r\r>'
2022-07-12 10:00:05,838  root       run        DEBUG    Received '011C'
2022-07-12 10:00:05,839  root       handle_request DEBUG    Handling: '011C', header '7E0', ECU '7E0'
2022-07-12 10:00:05,840  root       handle_request DEBUG    Description: OBD Standards Compliance, PID OBD_COMPLIANCE (011C)
2022-07-12 10:00:05,840  root       handle_response DEBUG    Processing: '<header>7E8</header><size>03</size><data>41 1C 06</data>'
2022-07-12 10:00:05,841  root       handle_response DEBUG    Write: '7E8 03 41 1C 06 \r\r>'
2022-07-12 10:00:06,020  root       run        DEBUG    Received '0111'
2022-07-12 10:00:06,021  root       handle_request DEBUG    Handling: '0111', header '7E0', ECU '7E0'
2022-07-12 10:00:06,021  root       handle_request DEBUG    Description: Throttle Position, PID THROTTLE_POS (0111)
2022-07-12 10:00:06,021  root       handle_response DEBUG    Processing: '<header>7E8</header><size>03</size><data>41 11 2A</data>'
2022-07-12 10:00:06,021  root       handle_response DEBUG    Write: '7E8 03 41 11 2A \r\r>'
2022-07-12 10:00:06,036  root       run        DEBUG    Received '0105'
2022-07-12 10:00:06,037  root       handle_request DEBUG    Handling: '0105', header '7E0', ECU '7E0'
2022-07-12 10:00:06,037  root       handle_request DEBUG    Description: Engine Coolant Temperature, PID COOLANT_TEMP (0105)
2022-07-12 10:00:06,037  root       handle_response DEBUG    Processing: '<header>7E8</header><size>03</size><data>41 05 48</data>'
2022-07-12 10:00:06,038  root       handle_response DEBUG    Write: '7E8 03 41 05 48 \r\r>'
2022-07-12 10:00:06,113  root       run        DEBUG    Received '010D'
2022-07-12 10:00:06,113  root       handle_request DEBUG    Handling: '010D', header '7E0', ECU '7E0'
2022-07-12 10:00:06,114  root       handle_request DEBUG    Description: Vehicle Speed, PID SPEED (010D)
2022-07-12 10:00:06,114  root       handle_response DEBUG    Processing: '<header>7E8</header><size>03</size><data>41 0D 44</data>'
2022-07-12 10:00:06,114  root       handle_response DEBUG    Write: '7E8 03 41 0D 44 \r\r>'
2022-07-12 10:00:06,202  root       run        DEBUG    Received '0106'
2022-07-12 10:00:06,202  root       handle_request DEBUG    Handling: '0106', header '7E0', ECU '7E0'
2022-07-12 10:00:06,203  root       handle_request DEBUG    Description: Short Term Fuel Trim - Bank 1, PID SHORT_FUEL_TRIM_1 (0106)
2022-07-12 10:00:06,203  root       handle_response DEBUG    Processing: '<header>7E8</header><size>03</size><data>41 06 8B</data>'
2022-07-12 10:00:06,203  root       handle_response DEBUG    Write: '7E8 03 41 06 8B \r\r>'
2022-07-12 10:00:06,217  root       run        DEBUG    Received '0101'
2022-07-12 10:00:06,218  root       handle_request DEBUG    Handling: '0101', header '7E0', ECU '7E0'
2022-07-12 10:00:06,219  root       handle_request DEBUG    Description: Status since DTCs cleared, PID STATUS (0101)
2022-07-12 10:00:06,219  root       handle_response DEBUG    Processing: '<header>7E8</header><size>06</size><data>41 01 00 07 A1 00</data>'
2022-07-12 10:00:06,219  root       handle_response DEBUG    Write: '7E8 06 41 01 00 07 A1 00 \r\r>'
2022-07-12 10:00:06,296  root       run        DEBUG    Received '010E'
2022-07-12 10:00:06,297  root       handle_request DEBUG    Handling: '010E', header '7E0', ECU '7E0'
2022-07-12 10:00:06,298  root       handle_request DEBUG    Description: Timing Advance, PID TIMING_ADVANCE (010E)
2022-07-12 10:00:06,298  root       handle_response DEBUG    Processing: '<header>7E8</header><size>03</size><data>41 0E 8F</data>'
2022-07-12 10:00:06,298  root       handle_response DEBUG    Write: '7E8 03 41 0E 8F \r\r>'
2022-07-12 10:00:06,393  root       run        DEBUG    Received '0103'
2022-07-12 10:00:06,393  root       handle_request DEBUG    Handling: '0103', header '7E0', ECU '7E0'
2022-07-12 10:00:06,394  root       handle_request DEBUG    Description: Fuel System Status, PID FUEL_STATUS (0103)
2022-07-12 10:00:06,394  root       handle_response DEBUG    Processing: '<header>7E8</header><size>04</size><data>41 03 04 00</data>'
2022-07-12 10:00:06,394  root       handle_response DEBUG    Write: '7E8 04 41 03 04 00 \r\r>'
2022-07-12 10:00:06,395  root       run        DEBUG    Received '0107'
2022-07-12 10:00:06,395  root       handle_request DEBUG    Handling: '0107', header '7E0', ECU '7E0'
2022-07-12 10:00:06,396  root       handle_request DEBUG    Description: Long Term Fuel Trim - Bank 1, PID LONG_FUEL_TRIM_1 (0107)
2022-07-12 10:00:06,397  root       handle_response DEBUG    Processing: '<header>7E8</header><size>03</size><data>41 07 7F</data>'
2022-07-12 10:00:06,397  root       handle_response DEBUG    Write: '7E8 03 41 07 7F \r\r>'
2022-07-12 10:00:06,478  root       run        DEBUG    Received '010F'
2022-07-12 10:00:06,478  root       handle_request DEBUG    Handling: '010F', header '7E0', ECU '7E0'
2022-07-12 10:00:06,478  root       handle_request DEBUG    Description: Intake Air Temp, PID INTAKE_TEMP (010F)
2022-07-12 10:00:06,479  root       handle_response DEBUG    Processing: '<header>7E8</header><size>03</size><data>41 0F 39</data>'
2022-07-12 10:00:06,479  root       handle_response DEBUG    Write: '7E8 03 41 0F 39 \r\r>'
2022-07-12 10:00:07,082  root       run        DEBUG    Received '011F'
2022-07-12 10:00:07,083  root       handle_request DEBUG    Handling: '011F', header '7E0', ECU '7E0'
2022-07-12 10:00:07,083  root       handle_request DEBUG    Description: Engine Run Time, PID RUN_TIME (011F)
2022-07-12 10:00:07,083  root       handle_response DEBUG    Processing: '<header>7E8</header><size>04</size><data>41 1F 00 8B</data>'
2022-07-12 10:00:07,083  root       handle_response DEBUG    Write: '7E8 04 41 1F 00 8B \r\r>'
2022-07-12 10:00:11,426  root       run        DEBUG    Received '0113'
2022-07-12 10:00:11,427  root       handle_request DEBUG    Handling: '0113', header '7E0', ECU '7E0'
2022-07-12 10:00:11,428  root       handle_request DEBUG    Description: O2 Sensors Present, PID O2_SENSORS (0113)
2022-07-12 10:00:11,428  root       handle_response DEBUG    Processing: '<header>7E8</header><size>03</size><data>41 13 03</data>'
2022-07-12 10:00:11,428  root       handle_response DEBUG    Write: '7E8 03 41 13 03 \r\r>'
2022-07-12 10:00:12,565  root       run        DEBUG    Received '01002'
2022-07-12 10:00:12,566  root       handle_request DEBUG    Handling: '01002', header '7E0', ECU '7E0'
2022-07-12 10:00:12,566  root       handle_request DEBUG    Description: PIDS_A, PID ELM_PIDS_A (01002)
2022-07-12 10:00:12,567  root       handle_response DEBUG    Processing: '<header>7EA</header><size>06</size><data>41 00 98 3A 80 13</data><pos_answer>BE 3F A8 13</pos_answer>'
2022-07-12 10:00:12,567  root       handle_response DEBUG    Write: '7EA 06 41 00 98 3A 80 13 \r7E8 06 41 00 BE 3F A8 13 \r\r>'
2022-07-12 10:00:12,567  root       run        DEBUG    Received '0104'
2022-07-12 10:00:12,568  root       handle_request DEBUG    Handling: '0104', header '7E0', ECU '7E0'
2022-07-12 10:00:12,568  root       handle_request DEBUG    Description: Calculated Engine Load, PID ENGINE_LOAD (0104)
2022-07-12 10:00:12,568  root       handle_response DEBUG    Processing: '<header>7E8</header><size>03</size><data>41 04 73</data>'
2022-07-12 10:00:12,569  root       handle_response DEBUG    Write: '7E8 03 41 04 73 \r\r>'
2022-07-12 10:00:12,569  root       run        DEBUG    Received '010B'
2022-07-12 10:00:12,570  root       handle_request DEBUG    Handling: '010B', header '7E0', ECU '7E0'
2022-07-12 10:00:12,570  root       handle_request DEBUG    Description: Intake Manifold Pressure, PID INTAKE_PRESSURE (010B)
2022-07-12 10:00:12,570  root       handle_response DEBUG    Processing: '<header>7E8</header><size>03</size><data>41 0B 35</data>'
2022-07-12 10:00:12,570  root       handle_response DEBUG    Write: '7E8 03 41 0B 35 \r\r>'
2022-07-12 10:00:12,571  root       run        DEBUG    Received '010C'
2022-07-12 10:00:12,571  root       handle_request DEBUG    Handling: '010C', header '7E0', ECU '7E0'
2022-07-12 10:00:12,571  root       handle_request DEBUG    Description: Engine RPM, PID RPM (010C)
2022-07-12 10:00:12,572  root       handle_response DEBUG    Processing: '<header>7E8</header><size>04</size><data>41 0C 41 C2</data>'
2022-07-12 10:00:12,572  root       handle_response DEBUG    Write: '7E8 04 41 0C 41 C2 \r\r>'
2022-07-12 10:00:12,572  root       run        DEBUG    Received '0110'
2022-07-12 10:00:12,572  root       handle_request DEBUG    Handling: '0110', header '7E0', ECU '7E0'
2022-07-12 10:00:12,573  root       handle_request DEBUG    Description: Air Flow Rate (MAF), PID MAF (0110)
2022-07-12 10:00:12,573  root       handle_response DEBUG    Processing: '<header>7E8</header><size>04</size><data>41 10 03 0A</data>'
2022-07-12 10:00:12,574  root       handle_response DEBUG    Write: '7E8 04 41 10 03 0A \r\r>'
2022-07-12 10:00:12,574  root       run        DEBUG    Received '0115'
2022-07-12 10:00:12,574  root       handle_request DEBUG    Handling: '0115', header '7E0', ECU '7E0'
2022-07-12 10:00:12,576  root       handle_request DEBUG    Description: O2: Bank 1 - Sensor 2 Voltage, PID O2_B1S2 (0115)
2022-07-12 10:00:12,576  root       handle_response DEBUG    Processing: '<header>7E8</header><size>04</size><data>41 15 00 FF</data>'
2022-07-12 10:00:12,577  root       handle_response DEBUG    Write: '7E8 04 41 15 00 FF \r\r>'
2022-07-12 10:00:12,577  root       run        DEBUG    Received '011C'
2022-07-12 10:00:12,578  root       handle_request DEBUG    Handling: '011C', header '7E0', ECU '7E0'
2022-07-12 10:00:12,578  root       handle_request DEBUG    Description: OBD Standards Compliance, PID OBD_COMPLIANCE (011C)
2022-07-12 10:00:12,579  root       handle_response DEBUG    Processing: '<header>7E8</header><size>03</size><data>41 1C 06</data>'
2022-07-12 10:00:12,579  root       handle_response DEBUG    Write: '7E8 03 41 1C 06 \r\r>'
2022-07-12 10:00:12,828  root       run        DEBUG    Received '0105'
2022-07-12 10:00:12,828  root       handle_request DEBUG    Handling: '0105', header '7E0', ECU '7E0'
2022-07-12 10:00:12,828  root       handle_request DEBUG    Description: Engine Coolant Temperature, PID COOLANT_TEMP (0105)
2022-07-12 10:00:12,828  root       handle_response DEBUG    Processing: '<header>7E8</header><size>03</size><data>41 05 54</data>'
2022-07-12 10:00:12,829  root       handle_response DEBUG    Write: '7E8 03 41 05 54 \r\r>'
2022-07-12 10:00:12,898  root       run        DEBUG    Received '0111'
2022-07-12 10:00:12,898  root       handle_request DEBUG    Handling: '0111', header '7E0', ECU '7E0'
2022-07-12 10:00:12,899  root       handle_request DEBUG    Description: Throttle Position, PID THROTTLE_POS (0111)
2022-07-12 10:00:12,899  root       handle_response DEBUG    Processing: '<header>7E8</header><size>03</size><data>41 11 36</data>'
2022-07-12 10:00:12,899  root       handle_response DEBUG    Write: '7E8 03 41 11 36 \r\r>'
2022-07-12 10:00:13,118  root       run        DEBUG    Received '0106'
2022-07-12 10:00:13,118  root       handle_request DEBUG    Handling: '0106', header '7E0', ECU '7E0'
2022-07-12 10:00:13,119  root       handle_request DEBUG    Description: Short Term Fuel Trim - Bank 1, PID SHORT_FUEL_TRIM_1 (0106)
2022-07-12 10:00:13,119  root       handle_response DEBUG    Processing: '<header>7E8</header><size>03</size><data>41 06 88</data>'
2022-07-12 10:00:13,119  root       handle_response DEBUG    Write: '7E8 03 41 06 88 \r\r>'
2022-07-12 10:00:13,208  root       run        DEBUG    Received '0113'
2022-07-12 10:00:13,209  root       handle_request DEBUG    Handling: '0113', header '7E0', ECU '7E0'
2022-07-12 10:00:13,209  root       handle_request DEBUG    Description: O2 Sensors Present, PID O2_SENSORS (0113)
2022-07-12 10:00:13,209  root       handle_response DEBUG    Processing: '<header>7E8</header><size>03</size><data>41 13 03</data>'
2022-07-12 10:00:13,210  root       handle_response DEBUG    Write: '7E8 03 41 13 03 \r\r>'
2022-07-12 10:00:13,453  root       run        DEBUG    Received '010D'
2022-07-12 10:00:13,453  root       handle_request DEBUG    Handling: '010D', header '7E0', ECU '7E0'
2022-07-12 10:00:13,453  root       handle_request DEBUG    Description: Vehicle Speed, PID SPEED (010D)
2022-07-12 10:00:13,453  root       handle_response DEBUG    Processing: '<header>7E8</header><size>03</size><data>41 0D 72</data>'
2022-07-12 10:00:13,454  root       handle_response DEBUG    Write: '7E8 03 41 0D 72 \r\r>'
2022-07-12 10:00:13,534  root       run        DEBUG    Received '0107'
2022-07-12 10:00:13,534  root       handle_request DEBUG    Handling: '0107', header '7E0', ECU '7E0'
2022-07-12 10:00:13,537  root       handle_request DEBUG    Description: Long Term Fuel Trim - Bank 1, PID LONG_FUEL_TRIM_1 (0107)
2022-07-12 10:00:13,537  root       handle_response DEBUG    Processing: '<header>7E8</header><size>03</size><data>41 07 7E</data>'
2022-07-12 10:00:13,538  root       handle_response DEBUG    Write: '7E8 03 41 07 7E \r\r>'
2022-07-12 10:00:13,660  root       run        DEBUG    Received '010E'
2022-07-12 10:00:13,661  root       handle_request DEBUG    Handling: '010E', header '7E0', ECU '7E0'
2022-07-12 10:00:13,661  root       handle_request DEBUG    Description: Timing Advance, PID TIMING_ADVANCE (010E)
2022-07-12 10:00:13,662  root       handle_response DEBUG    Processing: '<header>7E8</header><size>03</size><data>41 0E 8F</data>'
2022-07-12 10:00:13,662  root       handle_response DEBUG    Write: '7E8 03 41 0E 8F \r\r>'
2022-07-12 10:00:13,869  root       run        DEBUG    Received '010F'
2022-07-12 10:00:13,869  root       handle_request DEBUG    Handling: '010F', header '7E0', ECU '7E0'
2022-07-12 10:00:13,870  root       handle_request DEBUG    Description: Intake Air Temp, PID INTAKE_TEMP (010F)
2022-07-12 10:00:13,870  root       handle_response DEBUG    Processing: '<header>7E8</header><size>03</size><data>41 0F 35</data>'
2022-07-12 10:00:13,870  root       handle_response DEBUG    Write: '7E8 03 41 0F 35 \r\r>'
2022-07-12 10:00:14,829  root       run        DEBUG    Received '0101'
2022-07-12 10:00:14,829  root       handle_request DEBUG    Handling: '0101', header '7E0', ECU '7E0'
2022-07-12 10:00:14,830  root       handle_request DEBUG    Description: Status since DTCs cleared, PID STATUS (0101)
2022-07-12 10:00:14,830  root       handle_response DEBUG    Processing: '<header>7E8</header><size>06</size><data>41 01 00 07 A1 00</data>'
2022-07-12 10:00:14,830  root       handle_response DEBUG    Write: '7E8 06 41 01 00 07 A1 00 \r\r>'
2022-07-12 10:00:15,023  root       run        DEBUG    Received '0103'
2022-07-12 10:00:15,024  root       handle_request DEBUG    Handling: '0103', header '7E0', ECU '7E0'
2022-07-12 10:00:15,024  root       handle_request DEBUG    Description: Fuel System Status, PID FUEL_STATUS (0103)
2022-07-12 10:00:15,024  root       handle_response DEBUG    Processing: '<header>7E8</header><size>04</size><data>41 03 00 00</data>'
2022-07-12 10:00:15,025  root       handle_response DEBUG    Write: '7E8 04 41 03 00 00 \r\r>'
